2018-10-17 14:34:25 - INFO - Enabled extensions:
['scrapy.extensions.corestats.CoreStats',
 'scrapy.extensions.telnet.TelnetConsole',
 'scrapy.extensions.logstats.LogStats'] -from_settings - 53
2018-10-17 14:34:25 - INFO - Reading start URLs from redis key 'taobao' (batch size: 32, encoding: utf-8 -setup_redis - 68
2018-10-17 14:34:26 - INFO - Enabled downloader middlewares:
['scrapy.downloadermiddlewares.httpauth.HttpAuthMiddleware',
 'scrapy.downloadermiddlewares.downloadtimeout.DownloadTimeoutMiddleware',
 'scrapy.downloadermiddlewares.defaultheaders.DefaultHeadersMiddleware',
 'scrapy.downloadermiddlewares.useragent.UserAgentMiddleware',
 'TaobaoSpider.middlewares.TaobaospiderDownloaderMiddleware',
 'scrapy.downloadermiddlewares.retry.RetryMiddleware',
 'scrapy.downloadermiddlewares.redirect.MetaRefreshMiddleware',
 'scrapy.downloadermiddlewares.httpcompression.HttpCompressionMiddleware',
 'scrapy.downloadermiddlewares.redirect.RedirectMiddleware',
 'scrapy.downloadermiddlewares.cookies.CookiesMiddleware',
 'scrapy.downloadermiddlewares.httpproxy.HttpProxyMiddleware',
 'scrapy.downloadermiddlewares.stats.DownloaderStats'] -from_settings - 53
2018-10-17 14:34:26 - INFO - Enabled spider middlewares:
['scrapy.spidermiddlewares.httperror.HttpErrorMiddleware',
 'scrapy.spidermiddlewares.offsite.OffsiteMiddleware',
 'scrapy.spidermiddlewares.referer.RefererMiddleware',
 'scrapy.spidermiddlewares.urllength.UrlLengthMiddleware',
 'scrapy.spidermiddlewares.depth.DepthMiddleware'] -from_settings - 53
2018-10-17 14:34:26 - INFO - Enabled item pipelines:
['TaobaoSpider.pipelines.TaobaospiderPipeline'] -from_settings - 53
2018-10-17 14:34:26 - INFO - Spider opened -open_spider - 256
2018-10-17 14:34:26 - INFO - Crawled 0 pages (at 0 pages/min), scraped 0 items (at 0 items/min) -log - 48
2018-10-17 14:34:26 - INFO - Spider opened: Taobao -spider_opened - 104
2018-10-17 14:34:26 - INFO - redis库推送token数据成功，用户为：jianjian -make_request_from_data - 121
2018-10-17 14:34:26 - INFO - 成功接收到任务，用户为:jianjian -make_request_from_data - 125
2018-10-17 14:34:27 - INFO - 入库二维码成功并设置爬虫任务设置为-3,等待用户jianjian扫描二维码 -get_qr - 173
2018-10-17 14:34:29 - INFO - 等待用户jianjian扫码：10000 -success - 221
2018-10-17 14:34:31 - INFO - 等待用户jianjian扫码：10000 -success - 221
2018-10-17 14:34:34 - INFO - 等待用户jianjian扫码：10000 -success - 221
2018-10-17 14:34:36 - INFO - 等待用户jianjian扫码：10000 -success - 221
2018-10-17 14:34:38 - INFO - 等待用户jianjian扫码：10000 -success - 221
2018-10-17 14:34:40 - INFO - 等待用户jianjian扫码：10000 -success - 221
2018-10-17 14:34:42 - INFO - 等待用户jianjian扫码：10000 -success - 221
2018-10-17 14:34:44 - INFO - 等待用户jianjian扫码：10000 -success - 221
2018-10-17 14:34:46 - INFO - 等待用户jianjian扫码：10000 -success - 221
2018-10-17 14:34:49 - INFO - 等待用户jianjian扫码：10000 -success - 221
2018-10-17 14:34:51 - INFO - 等待用户jianjian扫码：10000 -success - 221
2018-10-17 14:34:53 - INFO - 等待用户jianjian扫码：10000 -success - 221
2018-10-17 14:34:55 - INFO - 等待用户jianjian扫码：10000 -success - 221
2018-10-17 14:34:57 - INFO - 等待用户jianjian扫码：10000 -success - 221
2018-10-17 14:34:57 - INFO - 用户jianjian扫码 确认 成功：10006 -success - 263
2018-10-17 14:34:57 - INFO - 用户jianjiansuccess_url登录淘宝url获取成功：https://login.taobao.com/member/loginByIm.do?uid=cntaobao%E6%97%A0%E6%B3%95%E6%91%86%E8%84%B1%E4%BD%A02012&token=3cb199cdc6f9ce63c61bce5c4beaf732&time=1539758038932&asker=qrcodelogin&ask_version=1.0.0&defaulturl=https%3A%2F%2Fwww.taobao.com%2F&webpas=fc612015ed133568b7f23aa57c03cdaa1651847391&umid_token=C1539758066783222298050561539758066783222 -success - 269
2018-10-17 14:35:00 - INFO - 用户jianjian登陆成功，开始解析 -yes - 345
2018-10-17 14:35:06 - INFO - 用户jianjian已存在订单完成1页 -orders - 744
2018-10-17 14:35:09 - INFO - 用户jianjian已存在订单完成2页 -orders - 744
2018-10-17 14:35:11 - INFO - 新版本解析用户jianjian天猫可能出错：订单状态：交易关闭订单id：203905490362963231 -tmall_detail - 1304
2018-10-17 14:35:14 - INFO - 用户jianjian已存在订单完成3页 -orders - 744
2018-10-17 14:35:15 - WARNING - C:\Users\Administrator\AppData\Local\Programs\Python\Python36\lib\site-packages\pymysql\cursors.py:170: Warning: (1265, "Data truncated for column 'consigneeMobile' at row 1")
  result = self._query(query)
 -_showwarnmsg - 99
2018-10-17 14:35:20 - INFO - 用户jianjian已存在订单完成4页 -orders - 744
2018-10-17 14:35:24 - INFO - 用户jianjian已存在订单完成5页 -orders - 744
2018-10-17 14:35:26 - INFO - Crawled 101 pages (at 101 pages/min), scraped 165 items (at 165 items/min) -log - 48
2018-10-17 14:35:28 - INFO - 用户jianjian已存在订单完成6页 -orders - 744
2018-10-17 14:35:32 - INFO - 用户jianjian已存在订单完成7页 -orders - 744
2018-10-17 14:35:35 - INFO - 用户jianjian已存在订单完成8页 -orders - 744
2018-10-17 14:35:39 - INFO - 用户jianjian已存在订单完成9页 -orders - 744
2018-10-17 14:35:43 - INFO - 用户jianjian已存在订单完成10页 -orders - 744
2018-10-17 14:35:47 - INFO - 用户jianjian已存在订单完成11页 -orders - 744
2018-10-17 14:35:52 - INFO - 用户jianjian已存在订单完成12页 -orders - 744
2018-10-17 14:35:57 - INFO - 用户jianjian已存在订单完成13页 -orders - 744
2018-10-17 14:36:00 - INFO - 用户jianjian已存在订单完成14页 -orders - 744
2018-10-17 14:36:05 - INFO - 用户jianjian已存在订单完成15页 -orders - 744
2018-10-17 14:36:07 - INFO - 用户jianjian回收站订单完成1页 -orders - 746
2018-10-17 14:36:11 - INFO - 用户jianjian回收站订单完成2页 -orders - 746
2018-10-17 14:36:16 - INFO - 用户jianjian回收站订单完成3页 -orders - 746
2018-10-17 14:36:17 - INFO - 用户jianjian所有订单页面完成 -orders - 943
2018-10-17 14:36:26 - INFO - Crawled 290 pages (at 189 pages/min), scraped 603 items (at 438 items/min) -log - 48
